<?xml version="1.0" encoding="UTF-8"?>
<robot generator="Robot 6.1.1 (Python 3.12.0 on win32)" generated="20231124 15:40:13.763" rpa="false" schemaversion="4">
<suite id="s1" name="ReadExcel" source="C:\Users\SPURGE\PycharmProjects\pythonProject1\Testcases\ReadExcel.robot">
<test id="s1-t1" name="Check created excel doc" line="8">
<kw name="Create Excel Document" library="ExcelLibrary">
<var>${document}</var>
<arg>doc_id=exceldata.xlsx</arg>
<doc>Creates new excel document.</doc>
<msg timestamp="20231124 15:40:14.403" level="INFO">${document} = exceldata.xlsx</msg>
<status status="PASS" starttime="20231124 15:40:14.400" endtime="20231124 15:40:14.403"/>
</kw>
<kw name="Write Excel Cell" library="ExcelLibrary">
<arg>1</arg>
<arg>1</arg>
<arg>Jayesh_patle</arg>
<doc>Writes value to the cell.</doc>
<status status="PASS" starttime="20231124 15:40:14.405" endtime="20231124 15:40:14.406"/>
</kw>
<kw name="Save Excel Document" library="ExcelLibrary">
<arg>filename=D://Excellibfile.xlsx</arg>
<doc>Saves the current document to disk.</doc>
<status status="PASS" starttime="20231124 15:40:14.406" endtime="20231124 15:40:14.453"/>
</kw>
<kw name="Close Current Excel Document" library="ExcelLibrary">
<doc>Closes current document.</doc>
<status status="PASS" starttime="20231124 15:40:14.458" endtime="20231124 15:40:14.459"/>
</kw>
<status status="PASS" starttime="20231124 15:40:14.399" endtime="20231124 15:40:14.459"/>
</test>
<status status="PASS" starttime="20231124 15:40:13.767" endtime="20231124 15:40:14.462"/>
</suite>
<statistics>
<total>
<stat pass="1" fail="0" skip="0">All Tests</stat>
</total>
<tag>
</tag>
<suite>
<stat pass="1" fail="0" skip="0" id="s1" name="ReadExcel">ReadExcel</stat>
</suite>
</statistics>
<errors>
</errors>
</robot>
