<?xml version="1.0" encoding="UTF-8"?>
<robot generator="Robot 6.1.1 (Python 3.12.0 on win32)" generated="20231124 16:38:56.333" rpa="false" schemaversion="4">
<suite id="s1" name="ReadExcel" source="C:\Users\SPURGE\PycharmProjects\pythonProject1\TestCases\ReadExcel.robot">
<test id="s1-t1" name="Get All Sheet Names" line="20">
<kw name="Open Excel Document" library="ExcelLibrary">
<arg>D://Excellibfile.xlsx</arg>
<arg>doc1</arg>
<doc>Opens xlsx document file.</doc>
<status status="PASS" starttime="20231124 16:38:57.515" endtime="20231124 16:38:57.582"/>
</kw>
<kw name="Get List Sheet Names" library="ExcelLibrary">
<var>${sheets}</var>
<doc>Returns a list of sheet names in the current document.</doc>
<msg timestamp="20231124 16:38:57.584" level="INFO">${sheets} = ['Sheet 1', 'Sheet2']</msg>
<status status="PASS" starttime="20231124 16:38:57.583" endtime="20231124 16:38:57.590"/>
</kw>
<kw name="List Should Contain Value" library="Collections">
<arg>${sheets}</arg>
<arg>Sheet 1</arg>
<doc>Fails if the ``value`` is not found from ``list``.</doc>
<status status="PASS" starttime="20231124 16:38:57.591" endtime="20231124 16:38:57.593"/>
</kw>
<kw name="Log To Console" library="BuiltIn">
<arg>${sheets}</arg>
<doc>Logs the given message to the console.</doc>
<status status="PASS" starttime="20231124 16:38:57.593" endtime="20231124 16:38:57.594"/>
</kw>
<kw name="Close All Excel Documents" library="ExcelLibrary">
<doc>Closes all opened documents.</doc>
<status status="PASS" starttime="20231124 16:38:57.595" endtime="20231124 16:38:57.595"/>
</kw>
<status status="PASS" starttime="20231124 16:38:57.512" endtime="20231124 16:38:57.596"/>
</test>
<status status="PASS" starttime="20231124 16:38:56.341" endtime="20231124 16:38:57.598"/>
</suite>
<statistics>
<total>
<stat pass="1" fail="0" skip="0">All Tests</stat>
</total>
<tag>
</tag>
<suite>
<stat pass="1" fail="0" skip="0" id="s1" name="ReadExcel">ReadExcel</stat>
</suite>
</statistics>
<errors>
</errors>
</robot>
